<?xml version="1.0" encoding="UTF-8"?>
<testng-results ignored="0" total="3" passed="3" failed="0" skipped="0">
  <reporter-output>
  </reporter-output>
  <suite started-at="2025-01-27T15:38:47 EST" name="ParallelExecution" finished-at="2025-01-27T15:38:58 EST" duration-ms="11548">
    <groups>
    </groups>
    <test started-at="2025-01-27T15:38:47 EST" name="Scenario2" finished-at="2025-01-27T15:38:54 EST" duration-ms="7548">
      <class name="Automation.SeleniumAutomation.LambdaTestSeleniumScenario2">
        <test-method is-config="true" signature="beforeMethod()[pri:0, instance:Automation.SeleniumAutomation.LambdaTestSeleniumScenario2@35e2d654]" started-at="2025-01-27T15:38:47 EST" name="beforeMethod" finished-at="2025-01-27T15:38:52 EST" duration-ms="5340" status="PASS">
          <reporter-output>
          </reporter-output>
        </test-method> <!-- beforeMethod -->
        <test-method signature="scenario2()[pri:0, instance:Automation.SeleniumAutomation.LambdaTestSeleniumScenario2@35e2d654]" started-at="2025-01-27T15:38:52 EST" name="scenario2" finished-at="2025-01-27T15:38:54 EST" duration-ms="1835" status="PASS">
          <reporter-output>
          </reporter-output>
        </test-method> <!-- scenario2 -->
        <test-method is-config="true" signature="afterMethod()[pri:0, instance:Automation.SeleniumAutomation.LambdaTestSeleniumScenario2@35e2d654]" started-at="2025-01-27T15:38:54 EST" name="afterMethod" finished-at="2025-01-27T15:38:54 EST" duration-ms="337" status="PASS">
          <reporter-output>
          </reporter-output>
        </test-method> <!-- afterMethod -->
      </class> <!-- Automation.SeleniumAutomation.LambdaTestSeleniumScenario2 -->
    </test> <!-- Scenario2 -->
    <test started-at="2025-01-27T15:38:47 EST" name="Scenario1" finished-at="2025-01-27T15:38:56 EST" duration-ms="9909">
      <class name="Automation.SeleniumAutomation.LambdaTestSeleniumScenario1">
        <test-method is-config="true" signature="beforeMethod()[pri:0, instance:Automation.SeleniumAutomation.LambdaTestSeleniumScenario1@14dd9eb7]" started-at="2025-01-27T15:38:47 EST" name="beforeMethod" finished-at="2025-01-27T15:38:54 EST" duration-ms="7829" status="PASS">
          <reporter-output>
          </reporter-output>
        </test-method> <!-- beforeMethod -->
        <test-method signature="scenario1()[pri:0, instance:Automation.SeleniumAutomation.LambdaTestSeleniumScenario1@14dd9eb7]" started-at="2025-01-27T15:38:54 EST" name="scenario1" finished-at="2025-01-27T15:38:56 EST" duration-ms="1673" status="PASS">
          <reporter-output>
          </reporter-output>
        </test-method> <!-- scenario1 -->
        <test-method is-config="true" signature="afterMethod()[pri:0, instance:Automation.SeleniumAutomation.LambdaTestSeleniumScenario1@14dd9eb7]" started-at="2025-01-27T15:38:56 EST" name="afterMethod" finished-at="2025-01-27T15:38:56 EST" duration-ms="375" status="PASS">
          <reporter-output>
          </reporter-output>
        </test-method> <!-- afterMethod -->
      </class> <!-- Automation.SeleniumAutomation.LambdaTestSeleniumScenario1 -->
    </test> <!-- Scenario1 -->
    <test started-at="2025-01-27T15:38:47 EST" name="Scenario3" finished-at="2025-01-27T15:38:58 EST" duration-ms="11547">
      <class name="Automation.SeleniumAutomation.LambdaTestSeleniumScenario3">
        <test-method is-config="true" signature="beforeMethod()[pri:0, instance:Automation.SeleniumAutomation.LambdaTestSeleniumScenario3@293a5bf6]" started-at="2025-01-27T15:38:47 EST" name="beforeMethod" finished-at="2025-01-27T15:38:54 EST" duration-ms="7847" status="PASS">
          <reporter-output>
          </reporter-output>
        </test-method> <!-- beforeMethod -->
        <test-method signature="scenario3()[pri:0, instance:Automation.SeleniumAutomation.LambdaTestSeleniumScenario3@293a5bf6]" started-at="2025-01-27T15:38:54 EST" name="scenario3" finished-at="2025-01-27T15:38:58 EST" duration-ms="3387" status="PASS">
          <reporter-output>
          </reporter-output>
        </test-method> <!-- scenario3 -->
        <test-method is-config="true" signature="afterMethod()[pri:0, instance:Automation.SeleniumAutomation.LambdaTestSeleniumScenario3@293a5bf6]" started-at="2025-01-27T15:38:58 EST" name="afterMethod" finished-at="2025-01-27T15:38:58 EST" duration-ms="283" status="PASS">
          <reporter-output>
          </reporter-output>
        </test-method> <!-- afterMethod -->
      </class> <!-- Automation.SeleniumAutomation.LambdaTestSeleniumScenario3 -->
    </test> <!-- Scenario3 -->
  </suite> <!-- ParallelExecution -->
</testng-results>
